2020-06-25 07:49:14,655 CRIT Supervisor is running as root.  Privileges were not dropped because no user is specified in the config file.  If you intend to run as root, you can set user=root in the config file to avoid this message.
2020-06-25 07:49:14,676 INFO supervisord started with pid 1
2020-06-25 07:49:15,685 INFO spawned: 'nginx' with pid 8
2020-06-25 07:49:15,715 INFO spawned: 'php-fpm' with pid 9
2020-06-25 07:49:16,073 INFO exited: php-fpm (exit status 0; not expected)
2020-06-25 07:49:17,078 INFO success: nginx entered RUNNING state, process has stayed up for > than 1 seconds (startsecs)
2020-06-25 07:49:17,097 INFO spawned: 'php-fpm' with pid 25
2020-06-25 07:49:17,168 INFO exited: php-fpm (exit status 0; not expected)
2020-06-25 07:49:19,183 INFO spawned: 'php-fpm' with pid 33
2020-06-25 07:49:19,237 INFO exited: php-fpm (exit status 0; not expected)
2020-06-25 07:49:22,247 INFO spawned: 'php-fpm' with pid 41
2020-06-25 07:49:22,292 INFO exited: php-fpm (exit status 0; not expected)
2020-06-25 07:49:23,295 INFO gave up: php-fpm entered FATAL state, too many start retries too quickly
2020-06-25 08:28:32,843 WARN received SIGTERM indicating exit request
2020-06-25 08:28:32,869 INFO waiting for nginx to die
2020-06-25 08:28:33,985 INFO stopped: nginx (exit status 0)
2020-06-25 08:28:37,563 CRIT Supervisor is running as root.  Privileges were not dropped because no user is specified in the config file.  If you intend to run as root, you can set user=root in the config file to avoid this message.
2020-06-25 08:28:37,580 INFO supervisord started with pid 1
2020-06-25 08:28:38,615 INFO spawned: 'nginx' with pid 7
2020-06-25 08:28:38,682 INFO spawned: 'php-fpm' with pid 8
2020-06-25 08:28:39,405 INFO exited: php-fpm (exit status 0; not expected)
2020-06-25 08:28:40,408 INFO success: nginx entered RUNNING state, process has stayed up for > than 1 seconds (startsecs)
2020-06-25 08:28:40,417 INFO spawned: 'php-fpm' with pid 24
2020-06-25 08:28:40,485 INFO exited: php-fpm (exit status 0; not expected)
2020-06-25 08:28:42,496 INFO spawned: 'php-fpm' with pid 32
2020-06-25 08:28:42,587 INFO exited: php-fpm (exit status 0; not expected)
2020-06-25 08:28:45,599 INFO spawned: 'php-fpm' with pid 40
2020-06-25 08:28:45,653 INFO exited: php-fpm (exit status 0; not expected)
2020-06-25 08:28:46,657 INFO gave up: php-fpm entered FATAL state, too many start retries too quickly
2020-06-25 10:23:42,784 INFO reaped unknown pid 136
2020-06-26 06:25:48,441 CRIT Supervisor is running as root.  Privileges were not dropped because no user is specified in the config file.  If you intend to run as root, you can set user=root in the config file to avoid this message.
2020-06-26 06:25:48,539 INFO supervisord started with pid 1
2020-06-26 06:25:49,678 INFO spawned: 'nginx' with pid 7
2020-06-26 06:25:49,750 INFO spawned: 'php-fpm' with pid 8
2020-06-26 06:25:51,360 INFO success: nginx entered RUNNING state, process has stayed up for > than 1 seconds (startsecs)
2020-06-26 06:25:51,362 INFO success: php-fpm entered RUNNING state, process has stayed up for > than 1 seconds (startsecs)
2020-06-26 06:25:51,820 INFO exited: php-fpm (exit status 0; expected)
2020-06-26 11:01:07,697 CRIT Supervisor is running as root.  Privileges were not dropped because no user is specified in the config file.  If you intend to run as root, you can set user=root in the config file to avoid this message.
2020-06-26 11:01:07,719 INFO supervisord started with pid 1
2020-06-26 11:01:08,730 INFO spawned: 'nginx' with pid 7
2020-06-26 11:01:08,765 INFO spawned: 'php-fpm' with pid 8
2020-06-26 11:01:09,940 INFO success: nginx entered RUNNING state, process has stayed up for > than 1 seconds (startsecs)
2020-06-26 11:01:09,941 INFO success: php-fpm entered RUNNING state, process has stayed up for > than 1 seconds (startsecs)
2020-06-26 11:01:09,942 INFO exited: php-fpm (exit status 0; expected)
2020-06-26 11:15:27,309 WARN received SIGTERM indicating exit request
2020-06-26 11:15:27,310 INFO waiting for nginx to die
2020-06-26 11:15:28,322 INFO stopped: nginx (exit status 0)
